<?xml version="1.0" encoding="UTF-8"?>
<!-- Generated by org.testng.reporters.JUnitXMLReporter -->
<testsuite ignored="1" hostname="LENOVO" failures="0" tests="5" name="Default test" time="21.245" errors="0" timestamp="2026-02-20T04:46:10 EET">
  <testcase classname="myTestCases.HomePage" name="Signup" time="9.494"/>
  <testcase classname="myTestCases.HomePage" name="logout" time="0.761"/>
  <testcase classname="myTestCases.HomePage" name="Login" time="1.607"/>
  <testcase classname="myTestCases.HomePage" name="AddRandomItem" time="2.599"/>
  <testcase classname="myTestCases.HomePage" name="CheckoutProcess" time="4.798"/>
  <testcase classname="myTestCases.HomePage" name="SignupWithDataBase" time="0.0">
    <ignored/>
  </testcase> <!-- SignupWithDataBase -->
</testsuite> <!-- Default test -->
