<?xml version="1.0" encoding="UTF-8"?>
<testng-results ignored="1" total="6" passed="5" failed="0" skipped="0">
  <reporter-output>
  </reporter-output>
  <suite started-at="2026-02-20T04:45:49 EET" name="Default suite" finished-at="2026-02-20T04:46:10 EET" duration-ms="21245">
    <groups>
    </groups>
    <test started-at="2026-02-20T04:45:49 EET" name="Default test" finished-at="2026-02-20T04:46:10 EET" duration-ms="21245">
      <class name="myTestCases.HomePage">
        <test-method is-config="true" signature="MySetup()[pri:0, instance:myTestCases.HomePage@3724af13]" started-at="2026-02-20T04:45:49 EET" name="MySetup" finished-at="2026-02-20T04:45:50 EET" duration-ms="1945" status="PASS">
          <reporter-output>
          </reporter-output>
        </test-method> <!-- MySetup -->
        <test-method signature="Signup()[pri:1, instance:myTestCases.HomePage@3724af13]" started-at="2026-02-20T04:45:50 EET" name="Signup" finished-at="2026-02-20T04:46:00 EET" duration-ms="9494" status="PASS">
          <reporter-output>
          </reporter-output>
        </test-method> <!-- Signup -->
        <test-method signature="logout()[pri:2, instance:myTestCases.HomePage@3724af13]" started-at="2026-02-20T04:46:00 EET" name="logout" finished-at="2026-02-20T04:46:01 EET" duration-ms="761" status="PASS">
          <reporter-output>
          </reporter-output>
        </test-method> <!-- logout -->
        <test-method signature="Login()[pri:3, instance:myTestCases.HomePage@3724af13]" started-at="2026-02-20T04:46:01 EET" name="Login" finished-at="2026-02-20T04:46:02 EET" duration-ms="1607" status="PASS">
          <reporter-output>
          </reporter-output>
        </test-method> <!-- Login -->
        <test-method signature="AddRandomItem()[pri:4, instance:myTestCases.HomePage@3724af13]" started-at="2026-02-20T04:46:02 EET" name="AddRandomItem" finished-at="2026-02-20T04:46:05 EET" duration-ms="2599" status="PASS">
          <reporter-output>
          </reporter-output>
        </test-method> <!-- AddRandomItem -->
        <test-method signature="CheckoutProcess()[pri:5, instance:myTestCases.HomePage@3724af13]" started-at="2026-02-20T04:46:05 EET" name="CheckoutProcess" finished-at="2026-02-20T04:46:10 EET" duration-ms="4798" status="PASS">
          <reporter-output>
          </reporter-output>
        </test-method> <!-- CheckoutProcess -->
      </class> <!-- myTestCases.HomePage -->
    </test> <!-- Default test -->
  </suite> <!-- Default suite -->
</testng-results>
